2048Goddess/proguard.cfg
-optimizations !code/simplification/arithmetic,!field/*,!class/merging/*
-ignorewarnings