2048Goddess/proguard/seeds.txt
com.mok.game.goddess.MainActivity
com.mok.game.goddess.MainActivity: MainActivity()